Using pre-set license
Built from '2021.3/staging' branch; Version is '2021.3.45f1 (0da89fac8e79) revision 895135'; Using compiler version '192829333'; Build Type 'Release'
OS: 'Windows 11  (10.0.26100) 64bit Core' Language: 'en' Physical Memory: 32373 MB
BatchMode: 1, IsHumanControllingUs: 0, StartBugReporterOnCrash: 0, Is64bit: 1, IsPro: 1

COMMAND LINE ARGUMENTS:
C:\Program Files\Unity\Hub\Editor\2021.3.45f1\Editor\Unity.exe
-adb2
-batchMode
-noUpm
-name
AssetImportWorker0
-projectPath
C:/Users/tucke/CompSciProjects/TigerVerse2025/MechMania
-logFile
Logs/AssetImportWorker0.log
-srvPort
62101
Successfully changed project path to: C:/Users/tucke/CompSciProjects/TigerVerse2025/MechMania
C:/Users/tucke/CompSciProjects/TigerVerse2025/MechMania
[UnityMemory] Configuration Parameters - Can be set up in boot.config
    "memorysetup-bucket-allocator-granularity=16"
    "memorysetup-bucket-allocator-bucket-count=8"
    "memorysetup-bucket-allocator-block-size=33554432"
    "memorysetup-bucket-allocator-block-count=8"
    "memorysetup-main-allocator-block-size=16777216"
    "memorysetup-thread-allocator-block-size=16777216"
    "memorysetup-gfx-main-allocator-block-size=16777216"
    "memorysetup-gfx-thread-allocator-block-size=16777216"
    "memorysetup-cache-allocator-block-size=4194304"
    "memorysetup-typetree-allocator-block-size=2097152"
    "memorysetup-profiler-bucket-allocator-granularity=16"
    "memorysetup-profiler-bucket-allocator-bucket-count=8"
    "memorysetup-profiler-bucket-allocator-block-size=33554432"
    "memorysetup-profiler-bucket-allocator-block-count=8"
    "memorysetup-profiler-allocator-block-size=16777216"
    "memorysetup-profiler-editor-allocator-block-size=1048576"
    "memorysetup-temp-allocator-size-main=16777216"
    "memorysetup-job-temp-allocator-block-size=2097152"
    "memorysetup-job-temp-allocator-block-size-background=1048576"
    "memorysetup-job-temp-allocator-reduction-small-platforms=262144"
    "memorysetup-temp-allocator-size-background-worker=32768"
    "memorysetup-temp-allocator-size-job-worker=262144"
    "memorysetup-temp-allocator-size-preload-manager=33554432"
    "memorysetup-temp-allocator-size-nav-mesh-worker=65536"
    "memorysetup-temp-allocator-size-audio-worker=65536"
    "memorysetup-temp-allocator-size-cloud-worker=32768"
    "memorysetup-temp-allocator-size-gi-baking-worker=262144"
    "memorysetup-temp-allocator-size-gfx=262144"
Player connection [45152] Host "[IP] 100.113.180.114 [Port] 0 [Flags] 2 [Guid] 2185195891 [EditorId] 2185195891 [Version] 1048832 [Id] WindowsEditor(7,RRF-Laptop) [Debug] 1 [PackageName] WindowsEditor [ProjectName] Editor" joined multi-casting on [225.0.0.222:54997]...

Player connection [45152] Host "[IP] 100.113.180.114 [Port] 0 [Flags] 2 [Guid] 2185195891 [EditorId] 2185195891 [Version] 1048832 [Id] WindowsEditor(7,RRF-Laptop) [Debug] 1 [PackageName] WindowsEditor [ProjectName] Editor" joined alternative multi-casting on [225.0.0.222:34997]...

[Physics::Module] Initialized MultithreadedJobDispatcher with {0} workers.
Refreshing native plugins compatible for Editor in 53.45 ms, found 9 plugins.
Preloading 0 native plugins for Editor in 0.00 ms.
Initialize engine version: 2021.3.45f1 (0da89fac8e79)
[Subsystems] Discovering subsystems at path C:/Program Files/Unity/Hub/Editor/2021.3.45f1/Editor/Data/Resources/UnitySubsystems
[Subsystems] Discovering subsystems at path C:/Users/tucke/CompSciProjects/TigerVerse2025/MechMania/Assets
GfxDevice: creating device client; threaded=0; jobified=0
Direct3D:
    Version:  Direct3D 11.0 [level 11.1]
    Renderer: NVIDIA GeForce RTX 4050 Laptop GPU (ID=0x28e1)
    Vendor:   NVIDIA
    VRAM:     5921 MB
    Driver:   32.0.15.7283
Initialize mono
Mono path[0] = 'C:/Program Files/Unity/Hub/Editor/2021.3.45f1/Editor/Data/Managed'
Mono path[1] = 'C:/Program Files/Unity/Hub/Editor/2021.3.45f1/Editor/Data/MonoBleedingEdge/lib/mono/unityjit-win32'
Mono config path = 'C:/Program Files/Unity/Hub/Editor/2021.3.45f1/Editor/Data/MonoBleedingEdge/etc'
Using monoOptions --debugger-agent=transport=dt_socket,embedding=1,server=y,suspend=n,address=127.0.0.1:56320
Begin MonoManager ReloadAssembly
Registering precompiled unity dll's ...
Register platform support module: C:/Program Files/Unity/Hub/Editor/2021.3.45f1/Editor/Data/PlaybackEngines/AndroidPlayer/UnityEditor.Android.Extensions.dll
Register platform support module: C:/Program Files/Unity/Hub/Editor/2021.3.45f1/Editor/Data/PlaybackEngines/WindowsStandaloneSupport/UnityEditor.WindowsStandalone.Extensions.dll
Registered in 0.006112 seconds.
Native extension for WindowsStandalone target not found
Native extension for Android target not found
CommandWithNoStdoutInvokationFailure: Unable to start ADB server. Please make sure the Android SDK is installed and is properly configured in the Editor. See the Console for more details.
  at UnityEditor.Android.Command.RunWithShellExecute (System.String command, System.String args, System.String workingdir, System.String errorMsg) [0x00060] in <308c1e90026945389c5bf5b88ab3814b>:0 
  at UnityEditor.Android.ADB.StartServer () [0x00013] in <308c1e90026945389c5bf5b88ab3814b>:0 
  at UnityEditor.Android.ADB.Run (System.String[] command, UnityEditor.Android.Command+WaitingForProcessToExit waitingForProcessToExit, System.String errorMsg) [0x0000b] in <308c1e90026945389c5bf5b88ab3814b>:0 
  at UnityEditor.Android.AndroidDeploymentTargetsExtension.GetKnownTargets (UnityEditor.DeploymentTargets.IDeploymentTargetsMainThreadContext context, UnityEditor.ProgressHandler progressHandler) [0x002ae] in <308c1e90026945389c5bf5b88ab3814b>:0 
  at UnityEditor.Android.TargetScanWorker.ScanSync () [0x00049] in <308c1e90026945389c5bf5b88ab3814b>:0 
  at UnityEditor.Android.TargetExtension.OnUsbDevicesChanged (UnityEditor.Hardware.UsbDevice[] usbDevices) [0x00087] in <308c1e90026945389c5bf5b88ab3814b>:0 
  at UnityEditor.Android.TargetExtension.OnLoad () [0x00094] in <308c1e90026945389c5bf5b88ab3814b>:0 
  at UnityEditor.Modules.ModuleManager.InitializePlatformSupportModules () [0x0009d] in <e2ec61eabaea4cfa8892d65208615f30>:0 

Refreshing native plugins compatible for Editor in 41.65 ms, found 9 plugins.
Preloading 0 native plugins for Editor in 0.00 ms.
Mono: successfully reloaded assembly
- Completed reload, in  7.533 seconds
Domain Reload Profiling:
	ReloadAssembly (7533ms)
		BeginReloadAssembly (71ms)
			ExecutionOrderSort (0ms)
			DisableScriptedObjects (0ms)
			BackupInstance (0ms)
			ReleaseScriptingObjects (0ms)
			CreateAndSetChildDomain (1ms)
		EndReloadAssembly (7391ms)
			LoadAssemblies (69ms)
			RebuildTransferFunctionScriptingTraits (0ms)
			SetupTypeCache (79ms)
			ReleaseScriptCaches (0ms)
			RebuildScriptCaches (18ms)
			SetupLoadedEditorAssemblies (7260ms)
				LogAssemblyErrors (0ms)
				InitializePlatformSupportModulesInManaged (7108ms)
				SetLoadedEditorAssemblies (0ms)
				RefreshPlugins (42ms)
				BeforeProcessingInitializeOnLoad (1ms)
				ProcessInitializeOnLoadAttributes (71ms)
				ProcessInitializeOnLoadMethodAttributes (39ms)
				AfterProcessingInitializeOnLoad (0ms)
				EditorAssembliesLoaded (0ms)
			ExecutionOrderSort2 (0ms)
			AwakeInstancesAfterBackupRestoration (0ms)
Native extension for WindowsStandalone target not found
Native extension for Android target not found
Registering precompiled user dll's ...
Registered in 0.008465 seconds.
Begin MonoManager ReloadAssembly
Native extension for WindowsStandalone target not found
Native extension for Android target not found
Refreshing native plugins compatible for Editor in 40.32 ms, found 9 plugins.
Preloading 0 native plugins for Editor in 0.00 ms.
Package Manager log level set to [2]
[Package Manager] Server::EnsureServerProcessIsRunning -- launch failed, reason: Unity was launched with the -noUpm command-line argument
[Package Manager] Cannot connect to Unity Package Manager local server
Mono: successfully reloaded assembly
- Completed reload, in  1.308 seconds
Domain Reload Profiling:
	ReloadAssembly (1309ms)
		BeginReloadAssembly (92ms)
			ExecutionOrderSort (0ms)
			DisableScriptedObjects (4ms)
			BackupInstance (0ms)
			ReleaseScriptingObjects (0ms)
			CreateAndSetChildDomain (15ms)
		EndReloadAssembly (1139ms)
			LoadAssemblies (74ms)
			RebuildTransferFunctionScriptingTraits (0ms)
			SetupTypeCache (192ms)
			ReleaseScriptCaches (0ms)
			RebuildScriptCaches (44ms)
			SetupLoadedEditorAssemblies (783ms)
				LogAssemblyErrors (0ms)
				InitializePlatformSupportModulesInManaged (11ms)
				SetLoadedEditorAssemblies (0ms)
				RefreshPlugins (40ms)
				BeforeProcessingInitializeOnLoad (70ms)
				ProcessInitializeOnLoadAttributes (609ms)
				ProcessInitializeOnLoadMethodAttributes (36ms)
				AfterProcessingInitializeOnLoad (17ms)
				EditorAssembliesLoaded (0ms)
			ExecutionOrderSort2 (0ms)
			AwakeInstancesAfterBackupRestoration (9ms)
Platform modules already initialized, skipping
========================================================================
Worker process is ready to serve import requests
Launched and connected shader compiler UnityShaderCompiler.exe after 0.17 seconds
Refreshing native plugins compatible for Editor in 1.22 ms, found 9 plugins.
Preloading 0 native plugins for Editor in 0.00 ms.
Unloading 4448 Unused Serialized files (Serialized files now loaded: 0)
Unloading 63 unused Assets / (47.4 KB). Loaded Objects now: 4912.
Memory consumption went from 162.1 MB to 162.0 MB.
Total: 4.110300 ms (FindLiveObjects: 0.685900 ms CreateObjectMapping: 0.312600 ms MarkObjects: 2.988200 ms  DeleteObjects: 0.121500 ms)

AssetImportParameters requested are different than current active one (requested -> active):
  custom:video-decoder-ogg-theora: a1e56fd34408186e4bbccfd4996cb3dc -> 
  custom:container-muxer-webm: aa71ff27fc2769a1b78a27578f13a17b -> 
  custom:container-demuxer-webm: 4f35f7cbe854078d1ac9338744f61a02 -> 
  custom:video-encoder-webm-vp8: eb34c28f22e8b96e1ab97ce403110664 -> 
  custom:video-codec-MediaFoundation-h265: 746d11721c4dcdbdad8f713fa42b33f4 -> 
  custom:CustomObjectIndexerAttribute: bc11b3a6c3213fcdd17b65e7da85e133 -> 
  custom:audio-encoder-webm-vorbis: bf7c407c2cedff20999df2af8eb42d56 -> 
  custom:framework-win-MediaFoundation: 216162199b28c13a410421893ffa2e32 -> 
  custom:SearchIndexIgnoredProperties: e643bd26f0fe6173181afceb89e7c659 -> 
  custom:container-demuxer-ogg: 62fdf1f143b41e24485cea50d1cbac27 -> 
  custom:video-decoder-webm-vp8: 9c59270c3fd7afecdb556c50c9e8de78 -> 
  custom:audio-decoder-ogg-vorbis: bf7c407c2cedff20999df2af8eb42d56 -> 
========================================================================
Received Prepare
Registering precompiled user dll's ...
Registered in 0.011332 seconds.
Begin MonoManager ReloadAssembly
Native extension for WindowsStandalone target not found
Native extension for Android target not found
Refreshing native plugins compatible for Editor in 0.91 ms, found 9 plugins.
Preloading 0 native plugins for Editor in 0.00 ms.
[Package Manager] Server::EnsureServerProcessIsRunning -- launch failed, reason: Unity was launched with the -noUpm command-line argument
[Package Manager] Cannot connect to Unity Package Manager local server
[Package Manager] Server::EnsureServerProcessIsRunning -- launch failed, reason: Unity was launched with the -noUpm command-line argument
[Package Manager] Cannot connect to Unity Package Manager local server
[Package Manager] Server::EnsureServerProcessIsRunning -- launch failed, reason: Unity was launched with the -noUpm command-line argument
[Package Manager] Cannot connect to Unity Package Manager local server
[Package Manager] Server::EnsureServerProcessIsRunning -- launch failed, reason: Unity was launched with the -noUpm command-line argument
[Package Manager] Cannot connect to Unity Package Manager local server
Mono: successfully reloaded assembly
- Completed reload, in  1.241 seconds
Domain Reload Profiling:
	ReloadAssembly (1241ms)
		BeginReloadAssembly (129ms)
			ExecutionOrderSort (0ms)
			DisableScriptedObjects (3ms)
			BackupInstance (0ms)
			ReleaseScriptingObjects (0ms)
			CreateAndSetChildDomain (30ms)
		EndReloadAssembly (1043ms)
			LoadAssemblies (92ms)
			RebuildTransferFunctionScriptingTraits (0ms)
			SetupTypeCache (207ms)
			ReleaseScriptCaches (2ms)
			RebuildScriptCaches (31ms)
			SetupLoadedEditorAssemblies (662ms)
				LogAssemblyErrors (0ms)
				InitializePlatformSupportModulesInManaged (12ms)
				SetLoadedEditorAssemblies (0ms)
				RefreshPlugins (1ms)
				BeforeProcessingInitializeOnLoad (47ms)
				ProcessInitializeOnLoadAttributes (573ms)
				ProcessInitializeOnLoadMethodAttributes (23ms)
				AfterProcessingInitializeOnLoad (5ms)
				EditorAssembliesLoaded (0ms)
			ExecutionOrderSort2 (0ms)
			AwakeInstancesAfterBackupRestoration (6ms)
Platform modules already initialized, skipping
Refreshing native plugins compatible for Editor in 0.79 ms, found 9 plugins.
Preloading 0 native plugins for Editor in 0.00 ms.
Unloading 4438 Unused Serialized files (Serialized files now loaded: 0)
Unloading 56 unused Assets / (23.0 KB). Loaded Objects now: 4923.
Memory consumption went from 161.3 MB to 161.3 MB.
Total: 5.283000 ms (FindLiveObjects: 0.474500 ms CreateObjectMapping: 0.310000 ms MarkObjects: 4.448300 ms  DeleteObjects: 0.048400 ms)

AssetImportParameters requested are different than current active one (requested -> active):
  custom:video-decoder-ogg-theora: a1e56fd34408186e4bbccfd4996cb3dc -> 
  custom:container-muxer-webm: aa71ff27fc2769a1b78a27578f13a17b -> 
  custom:container-demuxer-webm: 4f35f7cbe854078d1ac9338744f61a02 -> 
  custom:video-encoder-webm-vp8: eb34c28f22e8b96e1ab97ce403110664 -> 
  custom:video-codec-MediaFoundation-h265: 746d11721c4dcdbdad8f713fa42b33f4 -> 
  custom:CustomObjectIndexerAttribute: bc11b3a6c3213fcdd17b65e7da85e133 -> 
  custom:audio-encoder-webm-vorbis: bf7c407c2cedff20999df2af8eb42d56 -> 
  custom:framework-win-MediaFoundation: 216162199b28c13a410421893ffa2e32 -> 
  custom:SearchIndexIgnoredProperties: e643bd26f0fe6173181afceb89e7c659 -> 
  custom:container-demuxer-ogg: 62fdf1f143b41e24485cea50d1cbac27 -> 
  custom:video-decoder-webm-vp8: 9c59270c3fd7afecdb556c50c9e8de78 -> 
  custom:audio-decoder-ogg-vorbis: bf7c407c2cedff20999df2af8eb42d56 -> 
========================================================================
Received Import Request.
  Time since last request: 1038570.502779 seconds.
  path: Assets/Rhythm Game Tutorial
  artifactKey: Guid(1d76aa7c168896a47b395d18519f9833) Importer(815301076,1909f56bfc062723c751e8b465ee728b)
Number of updated assets reloaded before import = 0
Start importing Assets/Rhythm Game Tutorial using Guid(1d76aa7c168896a47b395d18519f9833) Importer(815301076,1909f56bfc062723c751e8b465ee728b)  -> (artifact id: '07af5647ac96761f2274098952d6017c') in 0.012524 seconds 
Number of asset objects unloaded after import = 0
========================================================================
Received Import Request.
  Time since last request: 1.534656 seconds.
  path: Assets/Rhythm Game Tutorial/Scenes
  artifactKey: Guid(06556e593c9ff164f84ecb71383d696d) Importer(815301076,1909f56bfc062723c751e8b465ee728b)
Number of updated assets reloaded before import = 0
Start importing Assets/Rhythm Game Tutorial/Scenes using Guid(06556e593c9ff164f84ecb71383d696d) Importer(815301076,1909f56bfc062723c751e8b465ee728b)  -> (artifact id: '231f64b686edb22b4ca1ccfbdaee14fe') in 0.002684 seconds 
Number of asset objects unloaded after import = 0
========================================================================
Received Import Request.
  Time since last request: 1.059357 seconds.
  path: Assets/Rhythm Game Tutorial/Scenes/Start.unity
  artifactKey: Guid(a7efac3f0da73e7439004acd29203987) Importer(815301076,1909f56bfc062723c751e8b465ee728b)
Number of updated assets reloaded before import = 0
Start importing Assets/Rhythm Game Tutorial/Scenes/Start.unity using Guid(a7efac3f0da73e7439004acd29203987) Importer(815301076,1909f56bfc062723c751e8b465ee728b)  -> (artifact id: '62c62a66d5fa6916cc0b7ee67e040488') in 0.002024 seconds 
Number of asset objects unloaded after import = 0
========================================================================
Received Prepare
Registering precompiled user dll's ...
Registered in 0.007235 seconds.
Begin MonoManager ReloadAssembly
Native extension for WindowsStandalone target not found
Native extension for Android target not found
Refreshing native plugins compatible for Editor in 0.78 ms, found 9 plugins.
Preloading 0 native plugins for Editor in 0.00 ms.
[Package Manager] Server::EnsureServerProcessIsRunning -- launch failed, reason: Unity was launched with the -noUpm command-line argument
[Package Manager] Cannot connect to Unity Package Manager local server
[Package Manager] Server::EnsureServerProcessIsRunning -- launch failed, reason: Unity was launched with the -noUpm command-line argument
[Package Manager] Cannot connect to Unity Package Manager local server
[Package Manager] Server::EnsureServerProcessIsRunning -- launch failed, reason: Unity was launched with the -noUpm command-line argument
[Package Manager] Cannot connect to Unity Package Manager local server
Mono: successfully reloaded assembly
- Completed reload, in  1.279 seconds
Domain Reload Profiling:
	ReloadAssembly (1280ms)
		BeginReloadAssembly (122ms)
			ExecutionOrderSort (0ms)
			DisableScriptedObjects (3ms)
			BackupInstance (0ms)
			ReleaseScriptingObjects (0ms)
			CreateAndSetChildDomain (29ms)
		EndReloadAssembly (1086ms)
			LoadAssemblies (88ms)
			RebuildTransferFunctionScriptingTraits (0ms)
			SetupTypeCache (195ms)
			ReleaseScriptCaches (2ms)
			RebuildScriptCaches (30ms)
			SetupLoadedEditorAssemblies (720ms)
				LogAssemblyErrors (0ms)
				InitializePlatformSupportModulesInManaged (12ms)
				SetLoadedEditorAssemblies (0ms)
				RefreshPlugins (1ms)
				BeforeProcessingInitializeOnLoad (44ms)
				ProcessInitializeOnLoadAttributes (625ms)
				ProcessInitializeOnLoadMethodAttributes (30ms)
				AfterProcessingInitializeOnLoad (8ms)
				EditorAssembliesLoaded (0ms)
			ExecutionOrderSort2 (0ms)
			AwakeInstancesAfterBackupRestoration (9ms)
Platform modules already initialized, skipping
Refreshing native plugins compatible for Editor in 1.74 ms, found 9 plugins.
Preloading 0 native plugins for Editor in 0.00 ms.
Unloading 4438 Unused Serialized files (Serialized files now loaded: 0)
Unloading 56 unused Assets / (23.0 KB). Loaded Objects now: 4927.
Memory consumption went from 161.4 MB to 161.4 MB.
Total: 2.841400 ms (FindLiveObjects: 0.250000 ms CreateObjectMapping: 0.067300 ms MarkObjects: 2.491000 ms  DeleteObjects: 0.032000 ms)

AssetImportParameters requested are different than current active one (requested -> active):
  custom:video-decoder-ogg-theora: a1e56fd34408186e4bbccfd4996cb3dc -> 
  custom:container-muxer-webm: aa71ff27fc2769a1b78a27578f13a17b -> 
  custom:container-demuxer-webm: 4f35f7cbe854078d1ac9338744f61a02 -> 
  custom:video-encoder-webm-vp8: eb34c28f22e8b96e1ab97ce403110664 -> 
  custom:video-codec-MediaFoundation-h265: 746d11721c4dcdbdad8f713fa42b33f4 -> 
  custom:CustomObjectIndexerAttribute: bc11b3a6c3213fcdd17b65e7da85e133 -> 
  custom:audio-encoder-webm-vorbis: bf7c407c2cedff20999df2af8eb42d56 -> 
  custom:framework-win-MediaFoundation: 216162199b28c13a410421893ffa2e32 -> 
  custom:SearchIndexIgnoredProperties: e643bd26f0fe6173181afceb89e7c659 -> 
  custom:container-demuxer-ogg: 62fdf1f143b41e24485cea50d1cbac27 -> 
  custom:video-decoder-webm-vp8: 9c59270c3fd7afecdb556c50c9e8de78 -> 
  custom:audio-decoder-ogg-vorbis: bf7c407c2cedff20999df2af8eb42d56 -> 
========================================================================
Received Import Request.
  Time since last request: 19.079867 seconds.
  path: Assets/Rhythm Prefabs
  artifactKey: Guid(52c7131ecda23e245a6649ac4295942c) Importer(815301076,1909f56bfc062723c751e8b465ee728b)
Number of updated assets reloaded before import = 0
Start importing Assets/Rhythm Prefabs using Guid(52c7131ecda23e245a6649ac4295942c) Importer(815301076,1909f56bfc062723c751e8b465ee728b)  -> (artifact id: '43484e0b4f697cbd79ae44bda14ad1e3') in 0.007673 seconds 
Number of asset objects unloaded after import = 0
========================================================================
Received Import Request.
  Time since last request: 0.102349 seconds.
  path: Assets/Rhythm Prefabs/GoodEffect.prefab
  artifactKey: Guid(0cc72e47fd89d7441bc6374bf7eda802) Importer(815301076,1909f56bfc062723c751e8b465ee728b)
Number of updated assets reloaded before import = 0
Start importing Assets/Rhythm Prefabs/GoodEffect.prefab using Guid(0cc72e47fd89d7441bc6374bf7eda802) Importer(815301076,1909f56bfc062723c751e8b465ee728b)  -> (artifact id: '9d06c06a56c0a7d369bb51c9e75b2367') in 0.188032 seconds 
Number of asset objects unloaded after import = 12
========================================================================
Received Import Request.
  Time since last request: 12.445743 seconds.
  path: Assets/Scripts
  artifactKey: Guid(90ef49a3c21542342a8a222a591d589e) Importer(815301076,1909f56bfc062723c751e8b465ee728b)
Number of updated assets reloaded before import = 0
Start importing Assets/Scripts using Guid(90ef49a3c21542342a8a222a591d589e) Importer(815301076,1909f56bfc062723c751e8b465ee728b)  -> (artifact id: 'd4fcd15d5e8675e128ba8e67b7f21b0a') in 0.003364 seconds 
Number of asset objects unloaded after import = 0
========================================================================
Received Import Request.
  Time since last request: 2.872959 seconds.
  path: Assets/Scripts/NoteObject.cs
  artifactKey: Guid(1c126a726bb30f3408952d1a1dc0efdf) Importer(815301076,1909f56bfc062723c751e8b465ee728b)
Number of updated assets reloaded before import = 0
Start importing Assets/Scripts/NoteObject.cs using Guid(1c126a726bb30f3408952d1a1dc0efdf) Importer(815301076,1909f56bfc062723c751e8b465ee728b)  -> (artifact id: 'fb7330d4431aabed90c1038d4306459d') in 0.013016 seconds 
Number of asset objects unloaded after import = 0
========================================================================
Received Import Request.
  Time since last request: 35.470760 seconds.
  path: Assets/Rhythm Game Tutorial/Graphics
  artifactKey: Guid(4f04d70d780433f459c5e50eded8a229) Importer(815301076,1909f56bfc062723c751e8b465ee728b)
Number of updated assets reloaded before import = 0
Start importing Assets/Rhythm Game Tutorial/Graphics using Guid(4f04d70d780433f459c5e50eded8a229) Importer(815301076,1909f56bfc062723c751e8b465ee728b)  -> (artifact id: 'abaa583b99d105d312925c38defa94ef') in 0.003347 seconds 
Number of asset objects unloaded after import = 0
========================================================================
Received Import Request.
  Time since last request: 0.040752 seconds.
  path: Assets/Rhythm Game Tutorial/Graphics/Arrow.png
  artifactKey: Guid(60bfd072918779345aef76bf7e212b42) Importer(815301076,1909f56bfc062723c751e8b465ee728b)
Number of updated assets reloaded before import = 0
Start importing Assets/Rhythm Game Tutorial/Graphics/Arrow.png using Guid(60bfd072918779345aef76bf7e212b42) Importer(815301076,1909f56bfc062723c751e8b465ee728b)  -> (artifact id: '038179c412b4f0c7e59f235142f5c93e') in 0.186259 seconds 
Number of asset objects unloaded after import = 3
========================================================================
Received Import Request.
  Time since last request: 0.000022 seconds.
  path: Assets/Rhythm Game Tutorial/Graphics/Buttons_Green_Pressed.png
  artifactKey: Guid(2d10ec486261df445b73774ff82f1b69) Importer(815301076,1909f56bfc062723c751e8b465ee728b)
Number of updated assets reloaded before import = 0
Start importing Assets/Rhythm Game Tutorial/Graphics/Buttons_Green_Pressed.png using Guid(2d10ec486261df445b73774ff82f1b69) Importer(815301076,1909f56bfc062723c751e8b465ee728b)  -> (artifact id: 'f706bab6ced5aa1f4e4c35790462ae9d') in 0.024457 seconds 
Number of asset objects unloaded after import = 3
========================================================================
Received Import Request.
  Time since last request: 0.000027 seconds.
  path: Assets/Rhythm Game Tutorial/Graphics/Buttons_Red_Pressed.png
  artifactKey: Guid(cacc39dd2a4e88a43aadeddd73e9b1e2) Importer(815301076,1909f56bfc062723c751e8b465ee728b)
Number of updated assets reloaded before import = 0
Start importing Assets/Rhythm Game Tutorial/Graphics/Buttons_Red_Pressed.png using Guid(cacc39dd2a4e88a43aadeddd73e9b1e2) Importer(815301076,1909f56bfc062723c751e8b465ee728b)  -> (artifact id: 'b7996619fd36b05702a384310fd49768') in 0.019485 seconds 
Number of asset objects unloaded after import = 3
========================================================================
Received Import Request.
  Time since last request: 0.000023 seconds.
  path: Assets/Rhythm Game Tutorial/Graphics/Buttons_Blue_Pressed.png
  artifactKey: Guid(18bf226de2d59284e904c26430f659c9) Importer(815301076,1909f56bfc062723c751e8b465ee728b)
Number of updated assets reloaded before import = 0
Start importing Assets/Rhythm Game Tutorial/Graphics/Buttons_Blue_Pressed.png using Guid(18bf226de2d59284e904c26430f659c9) Importer(815301076,1909f56bfc062723c751e8b465ee728b)  -> (artifact id: 'ef74fc36e2617c14c0fd18c9a9649a22') in 0.013118 seconds 
Number of asset objects unloaded after import = 3
========================================================================
Received Import Request.
  Time since last request: 0.000017 seconds.
  path: Assets/Rhythm Game Tutorial/Graphics/Buttons_Yellow_Pressed.png
  artifactKey: Guid(8f47ff751b3bdec48862adf0100c74fa) Importer(815301076,1909f56bfc062723c751e8b465ee728b)
Number of updated assets reloaded before import = 0
Start importing Assets/Rhythm Game Tutorial/Graphics/Buttons_Yellow_Pressed.png using Guid(8f47ff751b3bdec48862adf0100c74fa) Importer(815301076,1909f56bfc062723c751e8b465ee728b)  -> (artifact id: 'a0fb3274ffa57fa4bd8f5d451ab4528c') in 0.014596 seconds 
Number of asset objects unloaded after import = 3
========================================================================
Received Import Request.
  Time since last request: 0.000017 seconds.
  path: Assets/Rhythm Game Tutorial/Graphics/Buttons_Red.png
  artifactKey: Guid(1bbda9210988dfd4db252a09838d254f) Importer(815301076,1909f56bfc062723c751e8b465ee728b)
Number of updated assets reloaded before import = 0
Start importing Assets/Rhythm Game Tutorial/Graphics/Buttons_Red.png using Guid(1bbda9210988dfd4db252a09838d254f) Importer(815301076,1909f56bfc062723c751e8b465ee728b)  -> (artifact id: '2e610dcad91ca3d333ed1fef28999d10') in 0.012832 seconds 
Number of asset objects unloaded after import = 3
========================================================================
Received Import Request.
  Time since last request: 0.000015 seconds.
  path: Assets/Rhythm Game Tutorial/Graphics/effects.png
  artifactKey: Guid(9d063b79be80b2b4886e4c74b45f8a29) Importer(815301076,1909f56bfc062723c751e8b465ee728b)
Number of updated assets reloaded before import = 0
Start importing Assets/Rhythm Game Tutorial/Graphics/effects.png using Guid(9d063b79be80b2b4886e4c74b45f8a29) Importer(815301076,1909f56bfc062723c751e8b465ee728b)  -> (artifact id: '062c3a0e6b91dd49f4526ce27582b4e4') in 0.027332 seconds 
Number of asset objects unloaded after import = 6
========================================================================
Received Import Request.
  Time since last request: 0.000030 seconds.
  path: Assets/Rhythm Game Tutorial/Graphics/Buttons_Green.png
  artifactKey: Guid(c3c13b1f8baa5dd4a86d3dc186668178) Importer(815301076,1909f56bfc062723c751e8b465ee728b)
Number of updated assets reloaded before import = 0
Start importing Assets/Rhythm Game Tutorial/Graphics/Buttons_Green.png using Guid(c3c13b1f8baa5dd4a86d3dc186668178) Importer(815301076,1909f56bfc062723c751e8b465ee728b)  -> (artifact id: '69cbb02fe14092c39ed404b15306152b') in 0.020018 seconds 
Number of asset objects unloaded after import = 3
========================================================================
Received Import Request.
  Time since last request: 7.372272 seconds.
  path: Assets/Rhythm Game Tutorial/Music/GamesPlusJames - Rhythm Tutorial.wav
  artifactKey: Guid(e3903f052f6e1c84385cd598b244e788) Importer(815301076,1909f56bfc062723c751e8b465ee728b)
Number of updated assets reloaded before import = 0
Start importing Assets/Rhythm Game Tutorial/Music/GamesPlusJames - Rhythm Tutorial.wav using Guid(e3903f052f6e1c84385cd598b244e788) Importer(815301076,1909f56bfc062723c751e8b465ee728b)  -> (artifact id: '403edcfa456623f4ed330c325ef77918') in 0.081067 seconds 
Number of asset objects unloaded after import = 2
========================================================================
Received Prepare
Trying to reload asset but can't find object on disk
Trying to reload asset but can't find object on disk
Trying to reload asset but can't find object on disk
Trying to reload asset but can't find object on disk
Trying to reload asset but can't find object on disk
Trying to reload asset but can't find object on disk
Trying to reload asset but can't find object on disk
Trying to reload asset but can't find object on disk
Trying to reload asset but can't find object on disk
Trying to reload asset but can't find object on disk
Trying to reload asset but can't find object on disk
Trying to reload asset but can't find object on disk
Trying to reload asset but can't find object on disk
Trying to reload asset but can't find object on disk
Trying to reload asset but can't find object on disk
Trying to reload asset but can't find object on disk
Trying to reload asset but can't find object on disk
Trying to reload asset but can't find object on disk
Registering precompiled user dll's ...
Registered in 0.007177 seconds.
Required property 'name' not set (Packages/com.unity.xr.core-utils/Tests/Editor/Unity.XR.CoreUtils.EditorTests.asmdef)
Required property 'name' not set (Packages/com.unity.xr.legacyinputhelpers/Tests/Editor/LegacyInputHelpersEditorTests.asmdef)
Required property 'name' not set (Packages/com.unity.xr.core-utils/Tests/CodeSamples/Unity.XR.CoreUtils.CodeSamples.Tests.asmdef)
Required property 'name' not set (Packages/com.unity.settings-manager/Tests/Editor/Unity.Settings.Editor.Tests.asmdef)
Required property 'name' not set (Packages/com.unity.performance.profile-analyzer/Editor/Unity.Performance.Profile-Analyzer.Editor.asmdef)
Required property 'name' not set (Packages/com.unity.xr.openxr/OculusQuest/Editor/Unity.XR.OpenXR.Features.OculusQuestSupport.Editor.asmdef)
Required property 'name' not set (Packages/com.unity.testtools.codecoverage/Editor/CoverageFormats/OpenCover/Model/Model.asmdef)
Required property 'name' not set (Packages/com.unity.xr.management/Editor/Unity.XR.Management.Editor.asmdef)
Required property 'name' not set (Packages/com.unity.xr.interaction.toolkit/Tests/Editor/Unity.XR.Interaction.Toolkit.Editor.Tests.asmdef)
Required property 'name' not set (Packages/com.unity.xr.interaction.toolkit/Runtime/Unity.XR.Interaction.Toolkit.asmdef)
Required property 'name' not set (Packages/com.unity.xr.openxr/MockRuntime/Unity.XR.OpenXR.Features.MockRuntime.asmdef)
Required property 'name' not set (Packages/com.unity.mathematics/Tests/Unity.Mathematics.Tests.asmdef)
Required property 'name' not set (Packages/com.unity.testtools.codecoverage/Editor/CoverageFormats/OpenCover/Mono.Reflection/Reflection.asmdef)
Required property 'name' not set (Packages/com.unity.inputsystem/InputSystem/Unity.InputSystem.asmdef)
Required property 'name' not set (Packages/com.unity.xr.management/Tests/Editor/Unity.XR.Management.EditorTests.asmdef)
Required property 'name' not set (Packages/com.unity.xr.openxr/OculusQuest/Runtime/Unity.XR.OpenXR.Features.OculusQuestSupport.asmdef)
Required property 'name' not set (Packages/com.unity.xr.legacyinputhelpers/Runtime/TrackedPoseDriver/UnityEngine.SpatialTracking.asmdef)
Required property 'name' not set (Packages/com.unity.xr.openxr/MetaQuest/Runtime/Unity.XR.OpenXR.Features.MetaQuestSupport.asmdef)
Required property 'name' not set (Packages/com.unity.editorcoroutines/Editor/Unity.EditorCoroutines.Editor.asmdef)
Required property 'name' not set (Packages/com.unity.xr.openxr/Tests/Editor/Unity.XR.OpenXR.Tests.Editor.asmdef)
Required property 'name' not set (Packages/com.unity.mathematics/Unity.Mathematics/Unity.Mathematics.asmdef)
Required property 'name' not set (Packages/com.unity.inputsystem/Tests/IntegrationTests/Unity.InputSystem.IntegrationTests.asmdef)
Required property 'name' not set (Packages/com.unity.xr.core-utils/Editor/Unity.XR.CoreUtils.Editor.asmdef)
Required property 'name' not set (Packages/com.unity.xr.management/Tests/TestPackage/Editor/Uniyt.XR.Management.TestPackage.Editor.asmdef)
Required property 'name' not set (Packages/com.unity.xr.management/Tests/TestTooling/Unity.XR.TestSupport.asmdef)
Required property 'name' not set (Packages/com.unity.xr.management/Tests/TestPackage/Runtime/Uniyt.XR.Management.TestPackage.asmdef)
Required property 'name' not set (Packages/com.unity.xr.management/Tests/Runtime/Unity.XR.Management.Tests.asmdef)
Required property 'name' not set (Packages/com.unity.xr.legacyinputhelpers/Runtime/LegacyInputHelpers.asmdef)
Required property 'name' not set (Packages/com.unity.inputsystem/InputSystem/Plugins/InputForUI/InputSystemForUI.asmdef)
Required property 'name' not set (Packages/com.unity.xr.openxr/Editor/Unity.XR.OpenXR.Editor.asmdef)
Required property 'name' not set (Packages/com.unity.settings-manager/Editor/Unity.Settings.Editor.asmdef)
Required property 'name' not set (Packages/com.unity.xr.core-utils/Tests/Runtime/Unity.XR.CoreUtils.Tests.asmdef)
Required property 'name' not set (Packages/com.unity.xr.interaction.toolkit/Tests/Runtime/Unity.XR.Interaction.Toolkit.Tests.asmdef)
Required property 'name' not set (Packages/com.unity.xr.openxr/MetaQuest/Editor/Unity.XR.OpenXR.Features.MetaQuestSupport.Editor.asmdef)
Required property 'name' not set (Packages/com.unity.xr.core-utils/Runtime/Unity.XR.CoreUtils.asmdef)
Required property 'name' not set (Packages/com.unity.xr.legacyinputhelpers/Editor/LegacyInputHelpersEditor.asmdef)
Required property 'name' not set (Packages/com.unity.xr.management/Runtime/Unity.XR.Management.asmdef)
Required property 'name' not set (Packages/com.unity.mathematics/Unity.Mathematics.Editor/Unity.Mathematics.Editor.asmdef)
Required property 'name' not set (Packages/com.unity.testtools.codecoverage/Editor/Compatibility/Compatibility.asmdef)
Required property 'name' not set (Packages/com.unity.xr.openxr/Tests/Runtime/Unity.XR.OpenXR.Tests.asmdef)
Required property 'name' not set (Packages/com.unity.xr.management/Tests/StandaloneSubsystem/Unity.XR.Management.Tests.Standalone.asmdef)
Required property 'name' not set (Packages/com.unity.xr.openxr/Runtime/Unity.XR.OpenXR.asmdef)
Required property 'name' not set (Packages/com.unity.xr.interaction.toolkit/Editor/Unity.XR.Interaction.Toolkit.Editor.asmdef)
Required property 'name' not set (Packages/com.unity.xr.openxr/RuntimeDebugger/Unity.XR.OpenXR.Features.RuntimeDebugger.asmdef)
Required property 'name' not set (Packages/com.unity.xr.legacyinputhelpers/Editor/TrackedPoseDriver/UnityEditor.SpatialTracking.asmdef)
Required property 'name' not set (Packages/com.unity.testtools.codecoverage/Editor/CodeCoverage.Editor.asmdef)
Required property 'name' not set (Packages/com.unity.xr.openxr/ConformanceAutomation/Unity.XR.OpenXR.Features.ConformanceAutomation.asmdef)
Required property 'name' not set (Packages/com.unity.xr.legacyinputhelpers/Tests/Runtime/TrackedPoseDriver/UnityEngine.SpatialTracking.Tests.asmdef)
Required property 'name' not set (Packages/com.unity.inputsystem/Tests/TestFixture/Unity.InputSystem.TestFramework.asmdef)
Required property 'name' not set (Packages/com.unity.xr.openxr/RuntimeDebugger/Editor/Unity.XR.OpenXR.Features.RuntimeDebugger.Editor.asmdef)
Required property 'name' not set (Packages/com.unity.performance.profile-analyzer/Tests/Editor/Unity.Performance.Profile-Analyzer.EditorTests.asmdef)
Required property 'name' not set (Packages/com.unity.xr.core-utils/Tests/Editor/Unity.XR.CoreUtils.EditorTests.asmdef)
Required property 'name' not set (Packages/com.unity.xr.legacyinputhelpers/Tests/Editor/LegacyInputHelpersEditorTests.asmdef)
Required property 'name' not set (Packages/com.unity.xr.core-utils/Tests/CodeSamples/Unity.XR.CoreUtils.CodeSamples.Tests.asmdef)
Required property 'name' not set (Packages/com.unity.settings-manager/Tests/Editor/Unity.Settings.Editor.Tests.asmdef)
Required property 'name' not set (Packages/com.unity.performance.profile-analyzer/Editor/Unity.Performance.Profile-Analyzer.Editor.asmdef)
Required property 'name' not set (Packages/com.unity.xr.openxr/OculusQuest/Editor/Unity.XR.OpenXR.Features.OculusQuestSupport.Editor.asmdef)
Required property 'name' not set (Packages/com.unity.testtools.codecoverage/Editor/CoverageFormats/OpenCover/Model/Model.asmdef)
Required property 'name' not set (Packages/com.unity.xr.management/Editor/Unity.XR.Management.Editor.asmdef)
Required property 'name' not set (Packages/com.unity.xr.interaction.toolkit/Tests/Editor/Unity.XR.Interaction.Toolkit.Editor.Tests.asmdef)
Required property 'name' not set (Packages/com.unity.xr.interaction.toolkit/Runtime/Unity.XR.Interaction.Toolkit.asmdef)
Required property 'name' not set (Packages/com.unity.xr.openxr/MockRuntime/Unity.XR.OpenXR.Features.MockRuntime.asmdef)
Required property 'name' not set (Packages/com.unity.mathematics/Tests/Unity.Mathematics.Tests.asmdef)
Required property 'name' not set (Packages/com.unity.testtools.codecoverage/Editor/CoverageFormats/OpenCover/Mono.Reflection/Reflection.asmdef)
Required property 'name' not set (Packages/com.unity.inputsystem/InputSystem/Unity.InputSystem.asmdef)
Required property 'name' not set (Packages/com.unity.xr.management/Tests/Editor/Unity.XR.Management.EditorTests.asmdef)
Required property 'name' not set (Packages/com.unity.xr.openxr/OculusQuest/Runtime/Unity.XR.OpenXR.Features.OculusQuestSupport.asmdef)
Required property 'name' not set (Packages/com.unity.xr.legacyinputhelpers/Runtime/TrackedPoseDriver/UnityEngine.SpatialTracking.asmdef)
Required property 'name' not set (Packages/com.unity.xr.openxr/MetaQuest/Runtime/Unity.XR.OpenXR.Features.MetaQuestSupport.asmdef)
Required property 'name' not set (Packages/com.unity.editorcoroutines/Editor/Unity.EditorCoroutines.Editor.asmdef)
Required property 'name' not set (Packages/com.unity.xr.openxr/Tests/Editor/Unity.XR.OpenXR.Tests.Editor.asmdef)
Required property 'name' not set (Packages/com.unity.mathematics/Unity.Mathematics/Unity.Mathematics.asmdef)
Required property 'name' not set (Packages/com.unity.inputsystem/Tests/IntegrationTests/Unity.InputSystem.IntegrationTests.asmdef)
Required property 'name' not set (Packages/com.unity.xr.core-utils/Editor/Unity.XR.CoreUtils.Editor.asmdef)
Required property 'name' not set (Packages/com.unity.xr.management/Tests/TestPackage/Editor/Uniyt.XR.Management.TestPackage.Editor.asmdef)
Required property 'name' not set (Packages/com.unity.xr.management/Tests/TestTooling/Unity.XR.TestSupport.asmdef)
Required property 'name' not set (Packages/com.unity.xr.management/Tests/TestPackage/Runtime/Uniyt.XR.Management.TestPackage.asmdef)
Required property 'name' not set (Packages/com.unity.xr.management/Tests/Runtime/Unity.XR.Management.Tests.asmdef)
Required property 'name' not set (Packages/com.unity.xr.legacyinputhelpers/Runtime/LegacyInputHelpers.asmdef)
Required property 'name' not set (Packages/com.unity.inputsystem/InputSystem/Plugins/InputForUI/InputSystemForUI.asmdef)
Required property 'name' not set (Packages/com.unity.xr.openxr/Editor/Unity.XR.OpenXR.Editor.asmdef)
Required property 'name' not set (Packages/com.unity.settings-manager/Editor/Unity.Settings.Editor.asmdef)
Required property 'name' not set (Packages/com.unity.xr.core-utils/Tests/Runtime/Unity.XR.CoreUtils.Tests.asmdef)
Required property 'name' not set (Packages/com.unity.xr.interaction.toolkit/Tests/Runtime/Unity.XR.Interaction.Toolkit.Tests.asmdef)
Required property 'name' not set (Packages/com.unity.xr.openxr/MetaQuest/Editor/Unity.XR.OpenXR.Features.MetaQuestSupport.Editor.asmdef)
Required property 'name' not set (Packages/com.unity.xr.core-utils/Runtime/Unity.XR.CoreUtils.asmdef)
Required property 'name' not set (Packages/com.unity.xr.legacyinputhelpers/Editor/LegacyInputHelpersEditor.asmdef)
Required property 'name' not set (Packages/com.unity.xr.management/Runtime/Unity.XR.Management.asmdef)
Required property 'name' not set (Packages/com.unity.mathematics/Unity.Mathematics.Editor/Unity.Mathematics.Editor.asmdef)
Required property 'name' not set (Packages/com.unity.testtools.codecoverage/Editor/Compatibility/Compatibility.asmdef)
Required property 'name' not set (Packages/com.unity.xr.openxr/Tests/Runtime/Unity.XR.OpenXR.Tests.asmdef)
Required property 'name' not set (Packages/com.unity.xr.management/Tests/StandaloneSubsystem/Unity.XR.Management.Tests.Standalone.asmdef)
Required property 'name' not set (Packages/com.unity.xr.openxr/Runtime/Unity.XR.OpenXR.asmdef)
Required property 'name' not set (Packages/com.unity.xr.interaction.toolkit/Editor/Unity.XR.Interaction.Toolkit.Editor.asmdef)
Required property 'name' not set (Packages/com.unity.xr.openxr/RuntimeDebugger/Unity.XR.OpenXR.Features.RuntimeDebugger.asmdef)
Required property 'name' not set (Packages/com.unity.xr.legacyinputhelpers/Editor/TrackedPoseDriver/UnityEditor.SpatialTracking.asmdef)
Required property 'name' not set (Packages/com.unity.testtools.codecoverage/Editor/CodeCoverage.Editor.asmdef)
Required property 'name' not set (Packages/com.unity.xr.openxr/ConformanceAutomation/Unity.XR.OpenXR.Features.ConformanceAutomation.asmdef)
Required property 'name' not set (Packages/com.unity.xr.legacyinputhelpers/Tests/Runtime/TrackedPoseDriver/UnityEngine.SpatialTracking.Tests.asmdef)
Required property 'name' not set (Packages/com.unity.inputsystem/Tests/TestFixture/Unity.InputSystem.TestFramework.asmdef)
Required property 'name' not set (Packages/com.unity.xr.openxr/RuntimeDebugger/Editor/Unity.XR.OpenXR.Features.RuntimeDebugger.Editor.asmdef)
Required property 'name' not set (Packages/com.unity.performance.profile-analyzer/Tests/Editor/Unity.Performance.Profile-Analyzer.EditorTests.asmdef)
Begin MonoManager ReloadAssembly
Native extension for WindowsStandalone target not found
Native extension for Android target not found
Refreshing native plugins compatible for Editor in 49.73 ms, found 9 plugins.
Preloading 0 native plugins for Editor in 0.00 ms.
Required property 'name' not set (Packages/com.unity.xr.core-utils/Tests/Editor/Unity.XR.CoreUtils.EditorTests.asmdef)
Required property 'name' not set (Packages/com.unity.xr.legacyinputhelpers/Tests/Editor/LegacyInputHelpersEditorTests.asmdef)
Required property 'name' not set (Packages/com.unity.xr.core-utils/Tests/CodeSamples/Unity.XR.CoreUtils.CodeSamples.Tests.asmdef)
Required property 'name' not set (Packages/com.unity.settings-manager/Tests/Editor/Unity.Settings.Editor.Tests.asmdef)
Required property 'name' not set (Packages/com.unity.performance.profile-analyzer/Editor/Unity.Performance.Profile-Analyzer.Editor.asmdef)
Required property 'name' not set (Packages/com.unity.xr.openxr/OculusQuest/Editor/Unity.XR.OpenXR.Features.OculusQuestSupport.Editor.asmdef)
Required property 'name' not set (Packages/com.unity.testtools.codecoverage/Editor/CoverageFormats/OpenCover/Model/Model.asmdef)
Required property 'name' not set (Packages/com.unity.xr.management/Editor/Unity.XR.Management.Editor.asmdef)
Required property 'name' not set (Packages/com.unity.xr.interaction.toolkit/Tests/Editor/Unity.XR.Interaction.Toolkit.Editor.Tests.asmdef)
Required property 'name' not set (Packages/com.unity.xr.interaction.toolkit/Runtime/Unity.XR.Interaction.Toolkit.asmdef)
Required property 'name' not set (Packages/com.unity.xr.openxr/MockRuntime/Unity.XR.OpenXR.Features.MockRuntime.asmdef)
Required property 'name' not set (Packages/com.unity.mathematics/Tests/Unity.Mathematics.Tests.asmdef)
Required property 'name' not set (Packages/com.unity.testtools.codecoverage/Editor/CoverageFormats/OpenCover/Mono.Reflection/Reflection.asmdef)
Required property 'name' not set (Packages/com.unity.inputsystem/InputSystem/Unity.InputSystem.asmdef)
Required property 'name' not set (Packages/com.unity.xr.management/Tests/Editor/Unity.XR.Management.EditorTests.asmdef)
Required property 'name' not set (Packages/com.unity.xr.openxr/OculusQuest/Runtime/Unity.XR.OpenXR.Features.OculusQuestSupport.asmdef)
Required property 'name' not set (Packages/com.unity.xr.legacyinputhelpers/Runtime/TrackedPoseDriver/UnityEngine.SpatialTracking.asmdef)
Required property 'name' not set (Packages/com.unity.xr.openxr/MetaQuest/Runtime/Unity.XR.OpenXR.Features.MetaQuestSupport.asmdef)
Required property 'name' not set (Packages/com.unity.editorcoroutines/Editor/Unity.EditorCoroutines.Editor.asmdef)
Required property 'name' not set (Packages/com.unity.xr.openxr/Tests/Editor/Unity.XR.OpenXR.Tests.Editor.asmdef)
Required property 'name' not set (Packages/com.unity.mathematics/Unity.Mathematics/Unity.Mathematics.asmdef)
Required property 'name' not set (Packages/com.unity.inputsystem/Tests/IntegrationTests/Unity.InputSystem.IntegrationTests.asmdef)
Required property 'name' not set (Packages/com.unity.xr.core-utils/Editor/Unity.XR.CoreUtils.Editor.asmdef)
Required property 'name' not set (Packages/com.unity.xr.management/Tests/TestPackage/Editor/Uniyt.XR.Management.TestPackage.Editor.asmdef)
Required property 'name' not set (Packages/com.unity.xr.management/Tests/TestTooling/Unity.XR.TestSupport.asmdef)
Required property 'name' not set (Packages/com.unity.xr.management/Tests/TestPackage/Runtime/Uniyt.XR.Management.TestPackage.asmdef)
Required property 'name' not set (Packages/com.unity.xr.management/Tests/Runtime/Unity.XR.Management.Tests.asmdef)
Required property 'name' not set (Packages/com.unity.xr.legacyinputhelpers/Runtime/LegacyInputHelpers.asmdef)
Required property 'name' not set (Packages/com.unity.inputsystem/InputSystem/Plugins/InputForUI/InputSystemForUI.asmdef)
Required property 'name' not set (Packages/com.unity.xr.openxr/Editor/Unity.XR.OpenXR.Editor.asmdef)
Required property 'name' not set (Packages/com.unity.settings-manager/Editor/Unity.Settings.Editor.asmdef)
Required property 'name' not set (Packages/com.unity.xr.core-utils/Tests/Runtime/Unity.XR.CoreUtils.Tests.asmdef)
Required property 'name' not set (Packages/com.unity.xr.interaction.toolkit/Tests/Runtime/Unity.XR.Interaction.Toolkit.Tests.asmdef)
Required property 'name' not set (Packages/com.unity.xr.openxr/MetaQuest/Editor/Unity.XR.OpenXR.Features.MetaQuestSupport.Editor.asmdef)
Required property 'name' not set (Packages/com.unity.xr.core-utils/Runtime/Unity.XR.CoreUtils.asmdef)
Required property 'name' not set (Packages/com.unity.xr.legacyinputhelpers/Editor/LegacyInputHelpersEditor.asmdef)
Required property 'name' not set (Packages/com.unity.xr.management/Runtime/Unity.XR.Management.asmdef)
Required property 'name' not set (Packages/com.unity.mathematics/Unity.Mathematics.Editor/Unity.Mathematics.Editor.asmdef)
Required property 'name' not set (Packages/com.unity.testtools.codecoverage/Editor/Compatibility/Compatibility.asmdef)
Required property 'name' not set (Packages/com.unity.xr.openxr/Tests/Runtime/Unity.XR.OpenXR.Tests.asmdef)
Required property 'name' not set (Packages/com.unity.xr.management/Tests/StandaloneSubsystem/Unity.XR.Management.Tests.Standalone.asmdef)
Required property 'name' not set (Packages/com.unity.xr.openxr/Runtime/Unity.XR.OpenXR.asmdef)
Required property 'name' not set (Packages/com.unity.xr.interaction.toolkit/Editor/Unity.XR.Interaction.Toolkit.Editor.asmdef)
Required property 'name' not set (Packages/com.unity.xr.openxr/RuntimeDebugger/Unity.XR.OpenXR.Features.RuntimeDebugger.asmdef)
Required property 'name' not set (Packages/com.unity.xr.legacyinputhelpers/Editor/TrackedPoseDriver/UnityEditor.SpatialTracking.asmdef)
Required property 'name' not set (Packages/com.unity.testtools.codecoverage/Editor/CodeCoverage.Editor.asmdef)
Required property 'name' not set (Packages/com.unity.xr.openxr/ConformanceAutomation/Unity.XR.OpenXR.Features.ConformanceAutomation.asmdef)
Required property 'name' not set (Packages/com.unity.xr.legacyinputhelpers/Tests/Runtime/TrackedPoseDriver/UnityEngine.SpatialTracking.Tests.asmdef)
Required property 'name' not set (Packages/com.unity.inputsystem/Tests/TestFixture/Unity.InputSystem.TestFramework.asmdef)
Required property 'name' not set (Packages/com.unity.xr.openxr/RuntimeDebugger/Editor/Unity.XR.OpenXR.Features.RuntimeDebugger.Editor.asmdef)
Required property 'name' not set (Packages/com.unity.performance.profile-analyzer/Tests/Editor/Unity.Performance.Profile-Analyzer.EditorTests.asmdef)
[Package Manager] Server::EnsureServerProcessIsRunning -- launch failed, reason: Unity was launched with the -noUpm command-line argument
[Package Manager] Cannot connect to Unity Package Manager local server
[Package Manager] Server::EnsureServerProcessIsRunning -- launch failed, reason: Unity was launched with the -noUpm command-line argument
[Package Manager] Cannot connect to Unity Package Manager local server
[Package Manager] Server::EnsureServerProcessIsRunning -- launch failed, reason: Unity was launched with the -noUpm command-line argument
[Package Manager] Cannot connect to Unity Package Manager local server
Mono: successfully reloaded assembly
- Completed reload, in  1.314 seconds
Domain Reload Profiling:
	ReloadAssembly (1314ms)
		BeginReloadAssembly (142ms)
			ExecutionOrderSort (0ms)
			DisableScriptedObjects (4ms)
			BackupInstance (0ms)
			ReleaseScriptingObjects (0ms)
			CreateAndSetChildDomain (34ms)
		EndReloadAssembly (1099ms)
			LoadAssemblies (91ms)
			RebuildTransferFunctionScriptingTraits (0ms)
			SetupTypeCache (169ms)
			ReleaseScriptCaches (2ms)
			RebuildScriptCaches (61ms)
			SetupLoadedEditorAssemblies (716ms)
				LogAssemblyErrors (0ms)
				InitializePlatformSupportModulesInManaged (14ms)
				SetLoadedEditorAssemblies (0ms)
				RefreshPlugins (50ms)
				BeforeProcessingInitializeOnLoad (69ms)
				ProcessInitializeOnLoadAttributes (561ms)
				ProcessInitializeOnLoadMethodAttributes (14ms)
				AfterProcessingInitializeOnLoad (7ms)
				EditorAssembliesLoaded (0ms)
			ExecutionOrderSort2 (0ms)
			AwakeInstancesAfterBackupRestoration (8ms)
Platform modules already initialized, skipping
Refreshing native plugins compatible for Editor in 1.63 ms, found 9 plugins.
Preloading 0 native plugins for Editor in 0.00 ms.
Unloading 4426 Unused Serialized files (Serialized files now loaded: 0)
Unloading 102 unused Assets / (23.0 KB). Loaded Objects now: 4906.
Memory consumption went from 164.4 MB to 164.4 MB.
Total: 3.212600 ms (FindLiveObjects: 0.437800 ms CreateObjectMapping: 0.298600 ms MarkObjects: 2.431200 ms  DeleteObjects: 0.043800 ms)

AssetImportParameters requested are different than current active one (requested -> active):
  custom:video-decoder-ogg-theora: a1e56fd34408186e4bbccfd4996cb3dc -> 
  custom:container-muxer-webm: aa71ff27fc2769a1b78a27578f13a17b -> 
  custom:container-demuxer-webm: 4f35f7cbe854078d1ac9338744f61a02 -> 
  custom:video-encoder-webm-vp8: eb34c28f22e8b96e1ab97ce403110664 -> 
  custom:video-codec-MediaFoundation-h265: 746d11721c4dcdbdad8f713fa42b33f4 -> 
  custom:CustomObjectIndexerAttribute: bc11b3a6c3213fcdd17b65e7da85e133 -> 
  custom:audio-encoder-webm-vorbis: bf7c407c2cedff20999df2af8eb42d56 -> 
  custom:framework-win-MediaFoundation: 216162199b28c13a410421893ffa2e32 -> 
  custom:SearchIndexIgnoredProperties: e643bd26f0fe6173181afceb89e7c659 -> 
  custom:container-demuxer-ogg: 62fdf1f143b41e24485cea50d1cbac27 -> 
  custom:video-decoder-webm-vp8: 9c59270c3fd7afecdb556c50c9e8de78 -> 
  custom:audio-decoder-ogg-vorbis: bf7c407c2cedff20999df2af8eb42d56 -> 
